Using pre-set license

 COMMAND LINE ARGUMENTS:
/Applications/Unity/Hub/Editor/2020.3.4f1/Unity.app/Contents/MacOS/Unity
-adb2
-batchMode
-noUpm
-name
AssetImportWorker0
-projectPath
/Users/albertogarciaruiz/Desktop/PracticaFinal/PEC4
-logFile
Logs/AssetImportWorker0.log
-srvPort
57249
Successfully changed project path to: /Users/albertogarciaruiz/Desktop/PracticaFinal/PEC4
/Users/albertogarciaruiz/Desktop/PracticaFinal/PEC4
Using Asset Import Pipeline V2.
Refreshing native plugins compatible for Editor in 36.49 ms, found 1 plugins.
Preloading 0 native plugins for Editor in 0.00 ms.
Initialize engine version: 2020.3.4f1 (0abb6314276a)
[Subsystems] Discovering subsystems at path /Applications/Unity/Hub/Editor/2020.3.4f1/Unity.app/Contents/Resources/UnitySubsystems
[Subsystems] Discovering subsystems at path /Users/albertogarciaruiz/Desktop/PracticaFinal/PEC4/Assets
GfxDevice: creating device client; threaded=0
2021-06-16 17:36:28.192 Unity[12701:261359] (null) preferred device: Apple M1 (high power)
2021-06-16 17:36:28.192 Unity[12701:261359] Metal devices available: 1
2021-06-16 17:36:28.192 Unity[12701:261359] 0: Apple M1 (high power)
2021-06-16 17:36:28.193 Unity[12701:261359] Using device Apple M1 (high power)
Initializing Metal device caps: Apple M1
Initialize mono
Mono path[0] = '/Applications/Unity/Hub/Editor/2020.3.4f1/Unity.app/Contents/Managed'
Mono path[1] = '/Applications/Unity/Hub/Editor/2020.3.4f1/Unity.app/Contents/MonoBleedingEdge/lib/mono/unityjit'
Mono config path = '/Applications/Unity/Hub/Editor/2020.3.4f1/Unity.app/Contents/MonoBleedingEdge/etc'
Using monoOptions --debugger-agent=transport=dt_socket,embedding=1,server=y,suspend=n,address=127.0.0.1:56701
Begin MonoManager ReloadAssembly
Registering precompiled unity dll's ...
Register platform support module: /Applications/Unity/Hub/Editor/2020.3.4f1/PlaybackEngines/WebGLSupport/UnityEditor.WebGL.Extensions.dll
Register platform support module: /Applications/Unity/Hub/Editor/2020.3.4f1/Unity.app/Contents/PlaybackEngines/MacStandaloneSupport/UnityEditor.OSXStandalone.Extensions.dll
Register platform support module: /Applications/Unity/Hub/Editor/2020.3.4f1/PlaybackEngines/WindowsStandaloneSupport/UnityEditor.WindowsStandalone.Extensions.dll
Registered in 0.003503 seconds.
Native extension for WindowsStandalone target not found
Native extension for OSXStandalone target not found
Native extension for WebGL target not found
Refreshing native plugins compatible for Editor in 34.90 ms, found 1 plugins.
Preloading 0 native plugins for Editor in 0.00 ms.
Mono: successfully reloaded assembly
- Completed reload, in  2.694 seconds
Platform modules already initialized, skipping
Registering precompiled user dll's ...
Registered in 0.002493 seconds.
Begin MonoManager ReloadAssembly
Native extension for WindowsStandalone target not found
Native extension for OSXStandalone target not found
Native extension for WebGL target not found
Refreshing native plugins compatible for Editor in 0.34 ms, found 1 plugins.
Preloading 0 native plugins for Editor in 0.00 ms.
Mono: successfully reloaded assembly
- Completed reload, in  1.890 seconds
Platform modules already initialized, skipping
========================================================================
Worker process is ready to serve import requests
Launching external process: /Applications/Unity/Hub/Editor/2020.3.4f1/Unity.app/Contents/Tools/UnityShaderCompiler
Launched and connected shader compiler UnityShaderCompiler after 0.03 seconds
Refreshing native plugins compatible for Editor in 0.31 ms, found 1 plugins.
Preloading 0 native plugins for Editor in 0.00 ms.
Unloading 1378 Unused Serialized files (Serialized files now loaded: 0)
System memory in use before: 123.0 MB.
System memory in use after: 123.1 MB.

Unloading 15 unused Assets to reduce memory usage. Loaded Objects now: 1825.
Total: 1.428084 ms (FindLiveObjects: 0.136167 ms CreateObjectMapping: 0.028250 ms MarkObjects: 1.181250 ms  DeleteObjects: 0.081292 ms)

========================================================================
Received Import Request.
  path: Assets/ScriptableObj/Doors/UpperLevel/Door A.asset
  artifactKey: Guid(608544eba15a6441c92f482898ee6f06) Importer(815301076,1909f56bfc062723c751e8b465ee728b)
Start importing Assets/ScriptableObj/Doors/UpperLevel/Door A.asset using Guid(608544eba15a6441c92f482898ee6f06) Importer(815301076,1909f56bfc062723c751e8b465ee728b)  -> (artifact id: 'ab15bb009ab87805b1865ac7baf59fdd') in 0.629292 seconds
  Import took 0.632453 seconds .

========================================================================
Received Prepare
Registering precompiled user dll's ...
Registered in 0.000909 seconds.
Begin MonoManager ReloadAssembly
Native extension for WindowsStandalone target not found
Native extension for OSXStandalone target not found
Native extension for WebGL target not found
Refreshing native plugins compatible for Editor in 0.31 ms, found 1 plugins.
Preloading 0 native plugins for Editor in 0.00 ms.
Mono: successfully reloaded assembly
- Completed reload, in  1.704 seconds
Platform modules already initialized, skipping
Refreshing native plugins compatible for Editor in 0.24 ms, found 1 plugins.
Preloading 0 native plugins for Editor in 0.00 ms.
Unloading 1371 Unused Serialized files (Serialized files now loaded: 0)
System memory in use before: 127.3 MB.
System memory in use after: 127.3 MB.

Unloading 6 unused Assets to reduce memory usage. Loaded Objects now: 1828.
Total: 1.256292 ms (FindLiveObjects: 0.108667 ms CreateObjectMapping: 0.029333 ms MarkObjects: 1.060000 ms  DeleteObjects: 0.057625 ms)

